{"D:\\seedbank\\SeedBank\\server\\controllers\\AccountController.js": {"path":"D:\\seedbank\\SeedBank\\server\\controllers\\AccountController.js","statementMap":{"0":{"start":{"line":1,"column":32},"end":{"line":1,"column":59}},"1":{"start":{"line":2,"column":15},"end":{"line":2,"column":32}},"2":{"start":{"line":3,"column":0},"end":{"line":23,"column":2}},"3":{"start":{"line":4,"column":2},"end":{"line":22,"column":3}},"4":{"start":{"line":5,"column":20},"end":{"line":8,"column":6}},"5":{"start":{"line":10,"column":4},"end":{"line":10,"column":85}},"6":{"start":{"line":10,"column":18},"end":{"line":10,"column":85}},"7":{"start":{"line":12,"column":4},"end":{"line":18,"column":7}},"8":{"start":{"line":21,"column":4},"end":{"line":21,"column":65}},"9":{"start":{"line":25,"column":0},"end":{"line":36,"column":2}},"10":{"start":{"line":26,"column":2},"end":{"line":35,"column":3}},"11":{"start":{"line":27,"column":21},"end":{"line":31,"column":6}},"12":{"start":{"line":32,"column":4},"end":{"line":32,"column":23}},"13":{"start":{"line":34,"column":4},"end":{"line":34,"column":79}},"14":{"start":{"line":38,"column":0},"end":{"line":51,"column":2}},"15":{"start":{"line":39,"column":2},"end":{"line":50,"column":3}},"16":{"start":{"line":40,"column":20},"end":{"line":43,"column":6}},"17":{"start":{"line":45,"column":4},"end":{"line":45,"column":85}},"18":{"start":{"line":45,"column":18},"end":{"line":45,"column":85}},"19":{"start":{"line":46,"column":4},"end":{"line":46,"column":22}},"20":{"start":{"line":49,"column":4},"end":{"line":49,"column":78}},"21":{"start":{"line":52,"column":0},"end":{"line":88,"column":2}},"22":{"start":{"line":53,"column":2},"end":{"line":87,"column":3}},"23":{"start":{"line":54,"column":76},"end":{"line":54,"column":84}},"24":{"start":{"line":56,"column":4},"end":{"line":58,"column":5}},"25":{"start":{"line":57,"column":6},"end":{"line":57,"column":82}},"26":{"start":{"line":60,"column":28},"end":{"line":60,"column":71}},"27":{"start":{"line":61,"column":4},"end":{"line":63,"column":5}},"28":{"start":{"line":62,"column":6},"end":{"line":62,"column":94}},"29":{"start":{"line":65,"column":27},"end":{"line":65,"column":58}},"30":{"start":{"line":67,"column":23},"end":{"line":74,"column":6}},"31":{"start":{"line":76,"column":4},"end":{"line":83,"column":7}},"32":{"start":{"line":85,"column":4},"end":{"line":85,"column":62}},"33":{"start":{"line":86,"column":4},"end":{"line":86,"column":70}},"34":{"start":{"line":90,"column":0},"end":{"line":124,"column":2}},"35":{"start":{"line":91,"column":2},"end":{"line":123,"column":3}},"36":{"start":{"line":93,"column":20},"end":{"line":93,"column":57}},"37":{"start":{"line":94,"column":4},"end":{"line":94,"column":85}},"38":{"start":{"line":94,"column":18},"end":{"line":94,"column":85}},"39":{"start":{"line":96,"column":24},"end":{"line":96,"column":39}},"40":{"start":{"line":98,"column":4},"end":{"line":100,"column":5}},"41":{"start":{"line":99,"column":6},"end":{"line":99,"column":33}},"42":{"start":{"line":102,"column":4},"end":{"line":109,"column":5}},"43":{"start":{"line":103,"column":6},"end":{"line":108,"column":7}},"44":{"start":{"line":104,"column":8},"end":{"line":104,"column":75}},"45":{"start":{"line":106,"column":8},"end":{"line":106,"column":69}},"46":{"start":{"line":107,"column":8},"end":{"line":107,"column":72}},"47":{"start":{"line":111,"column":27},"end":{"line":111,"column":60}},"48":{"start":{"line":112,"column":4},"end":{"line":118,"column":7}},"49":{"start":{"line":121,"column":4},"end":{"line":121,"column":56}},"50":{"start":{"line":122,"column":4},"end":{"line":122,"column":66}},"51":{"start":{"line":125,"column":0},"end":{"line":136,"column":2}},"52":{"start":{"line":126,"column":2},"end":{"line":135,"column":3}},"53":{"start":{"line":127,"column":20},"end":{"line":127,"column":57}},"54":{"start":{"line":128,"column":4},"end":{"line":128,"column":85}},"55":{"start":{"line":128,"column":18},"end":{"line":128,"column":85}},"56":{"start":{"line":130,"column":4},"end":{"line":130,"column":28}},"57":{"start":{"line":131,"column":4},"end":{"line":131,"column":52}},"58":{"start":{"line":134,"column":4},"end":{"line":134,"column":66}}},"fnMap":{"0":{"name":"(anonymous_0)","decl":{"start":{"line":3,"column":16},"end":{"line":3,"column":17}},"loc":{"start":{"line":3,"column":36},"end":{"line":23,"column":1}},"line":3},"1":{"name":"(anonymous_1)","decl":{"start":{"line":25,"column":25},"end":{"line":25,"column":26}},"loc":{"start":{"line":25,"column":45},"end":{"line":36,"column":1}},"line":25},"2":{"name":"(anonymous_2)","decl":{"start":{"line":38,"column":25},"end":{"line":38,"column":26}},"loc":{"start":{"line":38,"column":45},"end":{"line":51,"column":1}},"line":38},"3":{"name":"(anonymous_3)","decl":{"start":{"line":52,"column":24},"end":{"line":52,"column":25}},"loc":{"start":{"line":52,"column":44},"end":{"line":88,"column":1}},"line":52},"4":{"name":"(anonymous_4)","decl":{"start":{"line":90,"column":24},"end":{"line":90,"column":25}},"loc":{"start":{"line":90,"column":44},"end":{"line":124,"column":1}},"line":90},"5":{"name":"(anonymous_5)","decl":{"start":{"line":125,"column":24},"end":{"line":125,"column":25}},"loc":{"start":{"line":125,"column":44},"end":{"line":136,"column":1}},"line":125}},"branchMap":{"0":{"loc":{"start":{"line":10,"column":4},"end":{"line":10,"column":85}},"type":"if","locations":[{"start":{"line":10,"column":4},"end":{"line":10,"column":85}},{"start":{},"end":{}}],"line":10},"1":{"loc":{"start":{"line":45,"column":4},"end":{"line":45,"column":85}},"type":"if","locations":[{"start":{"line":45,"column":4},"end":{"line":45,"column":85}},{"start":{},"end":{}}],"line":45},"2":{"loc":{"start":{"line":56,"column":4},"end":{"line":58,"column":5}},"type":"if","locations":[{"start":{"line":56,"column":4},"end":{"line":58,"column":5}},{"start":{},"end":{}}],"line":56},"3":{"loc":{"start":{"line":56,"column":8},"end":{"line":56,"column":68}},"type":"binary-expr","locations":[{"start":{"line":56,"column":8},"end":{"line":56,"column":19}},{"start":{"line":56,"column":23},"end":{"line":56,"column":33}},{"start":{"line":56,"column":37},"end":{"line":56,"column":43}},{"start":{"line":56,"column":47},"end":{"line":56,"column":56}},{"start":{"line":56,"column":60},"end":{"line":56,"column":68}}],"line":56},"4":{"loc":{"start":{"line":61,"column":4},"end":{"line":63,"column":5}},"type":"if","locations":[{"start":{"line":61,"column":4},"end":{"line":63,"column":5}},{"start":{},"end":{}}],"line":61},"5":{"loc":{"start":{"line":94,"column":4},"end":{"line":94,"column":85}},"type":"if","locations":[{"start":{"line":94,"column":4},"end":{"line":94,"column":85}},{"start":{},"end":{}}],"line":94},"6":{"loc":{"start":{"line":98,"column":4},"end":{"line":100,"column":5}},"type":"if","locations":[{"start":{"line":98,"column":4},"end":{"line":100,"column":5}},{"start":{},"end":{}}],"line":98},"7":{"loc":{"start":{"line":98,"column":8},"end":{"line":98,"column":64}},"type":"binary-expr","locations":[{"start":{"line":98,"column":8},"end":{"line":98,"column":36}},{"start":{"line":98,"column":40},"end":{"line":98,"column":64}}],"line":98},"8":{"loc":{"start":{"line":102,"column":4},"end":{"line":109,"column":5}},"type":"if","locations":[{"start":{"line":102,"column":4},"end":{"line":109,"column":5}},{"start":{},"end":{}}],"line":102},"9":{"loc":{"start":{"line":128,"column":4},"end":{"line":128,"column":85}},"type":"if","locations":[{"start":{"line":128,"column":4},"end":{"line":128,"column":85}},{"start":{},"end":{}}],"line":128}},"s":{"0":1,"1":1,"2":1,"3":3,"4":3,"5":2,"6":1,"7":1,"8":1,"9":1,"10":2,"11":2,"12":1,"13":1,"14":1,"15":3,"16":3,"17":2,"18":1,"19":1,"20":1,"21":1,"22":4,"23":4,"24":4,"25":1,"26":3,"27":3,"28":1,"29":2,"30":1,"31":1,"32":1,"33":1,"34":1,"35":5,"36":5,"37":4,"38":1,"39":3,"40":3,"41":1,"42":3,"43":1,"44":1,"45":0,"46":0,"47":3,"48":3,"49":1,"50":1,"51":1,"52":3,"53":3,"54":2,"55":1,"56":1,"57":1,"58":1},"f":{"0":3,"1":2,"2":3,"3":4,"4":5,"5":3},"b":{"0":[1,1],"1":[1,1],"2":[1,3],"3":[4,3,3,3,3],"4":[1,2],"5":[1,3],"6":[1,2],"7":[3,1],"8":[1,2],"9":[1,1]},"_coverageSchema":"1a1c01bbd47fc00a2c39e90264f33305004495a9","hash":"f11eea356c93ca3187580f4da3b958447d80e0d6"}
,"D:\\seedbank\\SeedBank\\server\\controllers\\AuthController.js": {"path":"D:\\seedbank\\SeedBank\\server\\controllers\\AuthController.js","statementMap":{"0":{"start":{"line":1,"column":26},"end":{"line":1,"column":53}},"1":{"start":{"line":2,"column":15},"end":{"line":2,"column":32}},"2":{"start":{"line":3,"column":12},"end":{"line":3,"column":35}},"3":{"start":{"line":4,"column":29},"end":{"line":4,"column":57}},"4":{"start":{"line":6,"column":28},"end":{"line":15,"column":1}},"5":{"start":{"line":7,"column":2},"end":{"line":14,"column":4}},"6":{"start":{"line":16,"column":29},"end":{"line":22,"column":1}},"7":{"start":{"line":17,"column":2},"end":{"line":21,"column":4}},"8":{"start":{"line":24,"column":0},"end":{"line":88,"column":2}},"9":{"start":{"line":25,"column":17},"end":{"line":25,"column":38}},"10":{"start":{"line":26,"column":2},"end":{"line":28,"column":3}},"11":{"start":{"line":27,"column":4},"end":{"line":27,"column":60}},"12":{"start":{"line":30,"column":2},"end":{"line":87,"column":3}},"13":{"start":{"line":31,"column":67},"end":{"line":31,"column":75}},"14":{"start":{"line":34,"column":28},"end":{"line":34,"column":71}},"15":{"start":{"line":35,"column":4},"end":{"line":37,"column":5}},"16":{"start":{"line":36,"column":6},"end":{"line":36,"column":66}},"17":{"start":{"line":40,"column":27},"end":{"line":40,"column":58}},"18":{"start":{"line":43,"column":21},"end":{"line":43,"column":76}},"19":{"start":{"line":44,"column":4},"end":{"line":46,"column":5}},"20":{"start":{"line":45,"column":6},"end":{"line":45,"column":81}},"21":{"start":{"line":49,"column":23},"end":{"line":56,"column":6}},"22":{"start":{"line":59,"column":28},"end":{"line":65,"column":6}},"23":{"start":{"line":68,"column":24},"end":{"line":68,"column":60}},"24":{"start":{"line":69,"column":25},"end":{"line":69,"column":62}},"25":{"start":{"line":72,"column":4},"end":{"line":82,"column":7}},"26":{"start":{"line":85,"column":4},"end":{"line":85,"column":48}},"27":{"start":{"line":86,"column":4},"end":{"line":86,"column":78}},"28":{"start":{"line":89,"column":0},"end":{"line":119,"column":2}},"29":{"start":{"line":90,"column":2},"end":{"line":118,"column":3}},"30":{"start":{"line":91,"column":32},"end":{"line":91,"column":40}},"31":{"start":{"line":92,"column":20},"end":{"line":95,"column":6}},"32":{"start":{"line":97,"column":4},"end":{"line":99,"column":5}},"33":{"start":{"line":98,"column":6},"end":{"line":98,"column":74}},"34":{"start":{"line":101,"column":24},"end":{"line":101,"column":52}},"35":{"start":{"line":102,"column":25},"end":{"line":102,"column":54}},"36":{"start":{"line":104,"column":4},"end":{"line":114,"column":7}},"37":{"start":{"line":117,"column":4},"end":{"line":117,"column":72}},"38":{"start":{"line":121,"column":0},"end":{"line":144,"column":2}},"39":{"start":{"line":122,"column":2},"end":{"line":143,"column":3}},"40":{"start":{"line":123,"column":29},"end":{"line":123,"column":37}},"41":{"start":{"line":124,"column":4},"end":{"line":124,"column":85}},"42":{"start":{"line":124,"column":23},"end":{"line":124,"column":85}},"43":{"start":{"line":126,"column":20},"end":{"line":126,"column":76}},"44":{"start":{"line":127,"column":20},"end":{"line":129,"column":6}},"45":{"start":{"line":131,"column":4},"end":{"line":131,"column":85}},"46":{"start":{"line":131,"column":18},"end":{"line":131,"column":85}},"47":{"start":{"line":133,"column":27},"end":{"line":133,"column":55}},"48":{"start":{"line":134,"column":28},"end":{"line":134,"column":57}},"49":{"start":{"line":136,"column":4},"end":{"line":139,"column":7}},"50":{"start":{"line":142,"column":4},"end":{"line":142,"column":64}}},"fnMap":{"0":{"name":"(anonymous_0)","decl":{"start":{"line":6,"column":28},"end":{"line":6,"column":29}},"loc":{"start":{"line":6,"column":41},"end":{"line":15,"column":1}},"line":6},"1":{"name":"(anonymous_1)","decl":{"start":{"line":16,"column":29},"end":{"line":16,"column":30}},"loc":{"start":{"line":16,"column":42},"end":{"line":22,"column":1}},"line":16},"2":{"name":"(anonymous_2)","decl":{"start":{"line":24,"column":19},"end":{"line":24,"column":20}},"loc":{"start":{"line":24,"column":39},"end":{"line":88,"column":1}},"line":24},"3":{"name":"(anonymous_3)","decl":{"start":{"line":89,"column":16},"end":{"line":89,"column":17}},"loc":{"start":{"line":89,"column":36},"end":{"line":119,"column":1}},"line":89},"4":{"name":"(anonymous_4)","decl":{"start":{"line":121,"column":23},"end":{"line":121,"column":24}},"loc":{"start":{"line":121,"column":43},"end":{"line":144,"column":1}},"line":121}},"branchMap":{"0":{"loc":{"start":{"line":26,"column":2},"end":{"line":28,"column":3}},"type":"if","locations":[{"start":{"line":26,"column":2},"end":{"line":28,"column":3}},{"start":{},"end":{}}],"line":26},"1":{"loc":{"start":{"line":35,"column":4},"end":{"line":37,"column":5}},"type":"if","locations":[{"start":{"line":35,"column":4},"end":{"line":37,"column":5}},{"start":{},"end":{}}],"line":35},"2":{"loc":{"start":{"line":44,"column":4},"end":{"line":46,"column":5}},"type":"if","locations":[{"start":{"line":44,"column":4},"end":{"line":46,"column":5}},{"start":{},"end":{}}],"line":44},"3":{"loc":{"start":{"line":97,"column":4},"end":{"line":99,"column":5}},"type":"if","locations":[{"start":{"line":97,"column":4},"end":{"line":99,"column":5}},{"start":{},"end":{}}],"line":97},"4":{"loc":{"start":{"line":97,"column":8},"end":{"line":97,"column":71}},"type":"binary-expr","locations":[{"start":{"line":97,"column":8},"end":{"line":97,"column":16}},{"start":{"line":97,"column":20},"end":{"line":97,"column":71}}],"line":97},"5":{"loc":{"start":{"line":124,"column":4},"end":{"line":124,"column":85}},"type":"if","locations":[{"start":{"line":124,"column":4},"end":{"line":124,"column":85}},{"start":{},"end":{}}],"line":124},"6":{"loc":{"start":{"line":131,"column":4},"end":{"line":131,"column":85}},"type":"if","locations":[{"start":{"line":131,"column":4},"end":{"line":131,"column":85}},{"start":{},"end":{}}],"line":131}},"s":{"0":1,"1":1,"2":1,"3":1,"4":1,"5":3,"6":1,"7":3,"8":1,"9":5,"10":5,"11":1,"12":4,"13":4,"14":4,"15":3,"16":1,"17":2,"18":2,"19":2,"20":1,"21":1,"22":1,"23":1,"24":1,"25":1,"26":1,"27":1,"28":1,"29":3,"30":3,"31":3,"32":2,"33":1,"34":1,"35":1,"36":1,"37":1,"38":1,"39":4,"40":4,"41":4,"42":1,"43":3,"44":2,"45":2,"46":1,"47":1,"48":1,"49":1,"50":1},"f":{"0":3,"1":3,"2":5,"3":3,"4":4},"b":{"0":[1,4],"1":[1,2],"2":[1,1],"3":[1,1],"4":[2,1],"5":[1,3],"6":[1,1]},"_coverageSchema":"1a1c01bbd47fc00a2c39e90264f33305004495a9","hash":"709ce23586af3a0e50d3f0a0b26bc4f3b875e28c"}
,"D:\\seedbank\\SeedBank\\server\\controllers\\BookLevelController.js": {"path":"D:\\seedbank\\SeedBank\\server\\controllers\\BookLevelController.js","statementMap":{"0":{"start":{"line":1,"column":31},"end":{"line":1,"column":58}},"1":{"start":{"line":3,"column":0},"end":{"line":13,"column":2}},"2":{"start":{"line":4,"column":2},"end":{"line":12,"column":3}},"3":{"start":{"line":5,"column":23},"end":{"line":8,"column":6}},"4":{"start":{"line":9,"column":4},"end":{"line":9,"column":25}},"5":{"start":{"line":11,"column":4},"end":{"line":11,"column":51}},"6":{"start":{"line":15,"column":0},"end":{"line":25,"column":2}},"7":{"start":{"line":16,"column":2},"end":{"line":24,"column":3}},"8":{"start":{"line":17,"column":22},"end":{"line":19,"column":6}},"9":{"start":{"line":20,"column":4},"end":{"line":20,"column":83}},"10":{"start":{"line":20,"column":20},"end":{"line":20,"column":83}},"11":{"start":{"line":21,"column":4},"end":{"line":21,"column":24}},"12":{"start":{"line":23,"column":4},"end":{"line":23,"column":51}},"13":{"start":{"line":27,"column":0},"end":{"line":34,"column":2}},"14":{"start":{"line":28,"column":2},"end":{"line":33,"column":3}},"15":{"start":{"line":29,"column":22},"end":{"line":29,"column":54}},"16":{"start":{"line":30,"column":4},"end":{"line":30,"column":36}},"17":{"start":{"line":32,"column":4},"end":{"line":32,"column":51}},"18":{"start":{"line":36,"column":0},"end":{"line":46,"column":2}},"19":{"start":{"line":37,"column":2},"end":{"line":45,"column":3}},"20":{"start":{"line":38,"column":22},"end":{"line":38,"column":61}},"21":{"start":{"line":39,"column":4},"end":{"line":39,"column":83}},"22":{"start":{"line":39,"column":20},"end":{"line":39,"column":83}},"23":{"start":{"line":41,"column":29},"end":{"line":41,"column":61}},"24":{"start":{"line":42,"column":4},"end":{"line":42,"column":31}},"25":{"start":{"line":44,"column":4},"end":{"line":44,"column":51}},"26":{"start":{"line":48,"column":0},"end":{"line":58,"column":2}},"27":{"start":{"line":49,"column":2},"end":{"line":57,"column":3}},"28":{"start":{"line":50,"column":22},"end":{"line":50,"column":61}},"29":{"start":{"line":51,"column":4},"end":{"line":51,"column":83}},"30":{"start":{"line":51,"column":20},"end":{"line":51,"column":83}},"31":{"start":{"line":53,"column":4},"end":{"line":53,"column":30}},"32":{"start":{"line":54,"column":4},"end":{"line":54,"column":61}},"33":{"start":{"line":56,"column":4},"end":{"line":56,"column":51}}},"fnMap":{"0":{"name":"(anonymous_0)","decl":{"start":{"line":3,"column":27},"end":{"line":3,"column":28}},"loc":{"start":{"line":3,"column":47},"end":{"line":13,"column":1}},"line":3},"1":{"name":"(anonymous_1)","decl":{"start":{"line":15,"column":27},"end":{"line":15,"column":28}},"loc":{"start":{"line":15,"column":47},"end":{"line":25,"column":1}},"line":15},"2":{"name":"(anonymous_2)","decl":{"start":{"line":27,"column":26},"end":{"line":27,"column":27}},"loc":{"start":{"line":27,"column":46},"end":{"line":34,"column":1}},"line":27},"3":{"name":"(anonymous_3)","decl":{"start":{"line":36,"column":26},"end":{"line":36,"column":27}},"loc":{"start":{"line":36,"column":46},"end":{"line":46,"column":1}},"line":36},"4":{"name":"(anonymous_4)","decl":{"start":{"line":48,"column":26},"end":{"line":48,"column":27}},"loc":{"start":{"line":48,"column":46},"end":{"line":58,"column":1}},"line":48}},"branchMap":{"0":{"loc":{"start":{"line":20,"column":4},"end":{"line":20,"column":83}},"type":"if","locations":[{"start":{"line":20,"column":4},"end":{"line":20,"column":83}},{"start":{},"end":{}}],"line":20},"1":{"loc":{"start":{"line":39,"column":4},"end":{"line":39,"column":83}},"type":"if","locations":[{"start":{"line":39,"column":4},"end":{"line":39,"column":83}},{"start":{},"end":{}}],"line":39},"2":{"loc":{"start":{"line":51,"column":4},"end":{"line":51,"column":83}},"type":"if","locations":[{"start":{"line":51,"column":4},"end":{"line":51,"column":83}},{"start":{},"end":{}}],"line":51}},"s":{"0":1,"1":1,"2":2,"3":2,"4":1,"5":1,"6":1,"7":3,"8":3,"9":2,"10":1,"11":1,"12":1,"13":1,"14":2,"15":2,"16":1,"17":1,"18":1,"19":3,"20":3,"21":2,"22":1,"23":1,"24":1,"25":1,"26":1,"27":3,"28":3,"29":2,"30":1,"31":1,"32":1,"33":1},"f":{"0":2,"1":3,"2":2,"3":3,"4":3},"b":{"0":[1,1],"1":[1,1],"2":[1,1]},"_coverageSchema":"1a1c01bbd47fc00a2c39e90264f33305004495a9","hash":"7394543ae8dc4af07a54b2c0ce5a8d2d49be4c60"}
,"D:\\seedbank\\SeedBank\\server\\controllers\\FamilyController.js": {"path":"D:\\seedbank\\SeedBank\\server\\controllers\\FamilyController.js","statementMap":{"0":{"start":{"line":1,"column":26},"end":{"line":1,"column":53}},"1":{"start":{"line":3,"column":0},"end":{"line":13,"column":2}},"2":{"start":{"line":4,"column":2},"end":{"line":12,"column":3}},"3":{"start":{"line":5,"column":21},"end":{"line":8,"column":6}},"4":{"start":{"line":9,"column":4},"end":{"line":9,"column":23}},"5":{"start":{"line":11,"column":4},"end":{"line":11,"column":51}},"6":{"start":{"line":15,"column":0},"end":{"line":26,"column":2}},"7":{"start":{"line":16,"column":2},"end":{"line":25,"column":3}},"8":{"start":{"line":17,"column":19},"end":{"line":20,"column":6}},"9":{"start":{"line":21,"column":4},"end":{"line":21,"column":76}},"10":{"start":{"line":21,"column":17},"end":{"line":21,"column":76}},"11":{"start":{"line":22,"column":4},"end":{"line":22,"column":21}},"12":{"start":{"line":24,"column":4},"end":{"line":24,"column":51}},"13":{"start":{"line":28,"column":0},"end":{"line":35,"column":2}},"14":{"start":{"line":29,"column":2},"end":{"line":34,"column":3}},"15":{"start":{"line":30,"column":19},"end":{"line":30,"column":48}},"16":{"start":{"line":31,"column":4},"end":{"line":31,"column":33}},"17":{"start":{"line":33,"column":4},"end":{"line":33,"column":51}},"18":{"start":{"line":37,"column":0},"end":{"line":47,"column":2}},"19":{"start":{"line":38,"column":2},"end":{"line":46,"column":3}},"20":{"start":{"line":39,"column":19},"end":{"line":39,"column":55}},"21":{"start":{"line":40,"column":4},"end":{"line":40,"column":76}},"22":{"start":{"line":40,"column":17},"end":{"line":40,"column":76}},"23":{"start":{"line":42,"column":26},"end":{"line":42,"column":55}},"24":{"start":{"line":43,"column":4},"end":{"line":43,"column":28}},"25":{"start":{"line":45,"column":4},"end":{"line":45,"column":51}},"26":{"start":{"line":49,"column":0},"end":{"line":59,"column":2}},"27":{"start":{"line":50,"column":2},"end":{"line":58,"column":3}},"28":{"start":{"line":51,"column":19},"end":{"line":51,"column":55}},"29":{"start":{"line":52,"column":4},"end":{"line":52,"column":76}},"30":{"start":{"line":52,"column":17},"end":{"line":52,"column":76}},"31":{"start":{"line":54,"column":4},"end":{"line":54,"column":27}},"32":{"start":{"line":55,"column":4},"end":{"line":55,"column":57}},"33":{"start":{"line":57,"column":4},"end":{"line":57,"column":51}}},"fnMap":{"0":{"name":"(anonymous_0)","decl":{"start":{"line":3,"column":25},"end":{"line":3,"column":26}},"loc":{"start":{"line":3,"column":45},"end":{"line":13,"column":1}},"line":3},"1":{"name":"(anonymous_1)","decl":{"start":{"line":15,"column":24},"end":{"line":15,"column":25}},"loc":{"start":{"line":15,"column":44},"end":{"line":26,"column":1}},"line":15},"2":{"name":"(anonymous_2)","decl":{"start":{"line":28,"column":23},"end":{"line":28,"column":24}},"loc":{"start":{"line":28,"column":43},"end":{"line":35,"column":1}},"line":28},"3":{"name":"(anonymous_3)","decl":{"start":{"line":37,"column":23},"end":{"line":37,"column":24}},"loc":{"start":{"line":37,"column":43},"end":{"line":47,"column":1}},"line":37},"4":{"name":"(anonymous_4)","decl":{"start":{"line":49,"column":23},"end":{"line":49,"column":24}},"loc":{"start":{"line":49,"column":43},"end":{"line":59,"column":1}},"line":49}},"branchMap":{"0":{"loc":{"start":{"line":21,"column":4},"end":{"line":21,"column":76}},"type":"if","locations":[{"start":{"line":21,"column":4},"end":{"line":21,"column":76}},{"start":{},"end":{}}],"line":21},"1":{"loc":{"start":{"line":40,"column":4},"end":{"line":40,"column":76}},"type":"if","locations":[{"start":{"line":40,"column":4},"end":{"line":40,"column":76}},{"start":{},"end":{}}],"line":40},"2":{"loc":{"start":{"line":52,"column":4},"end":{"line":52,"column":76}},"type":"if","locations":[{"start":{"line":52,"column":4},"end":{"line":52,"column":76}},{"start":{},"end":{}}],"line":52}},"s":{"0":1,"1":1,"2":2,"3":2,"4":1,"5":1,"6":1,"7":3,"8":3,"9":2,"10":1,"11":1,"12":1,"13":1,"14":2,"15":2,"16":1,"17":1,"18":1,"19":4,"20":4,"21":3,"22":1,"23":2,"24":1,"25":2,"26":1,"27":3,"28":3,"29":2,"30":1,"31":1,"32":1,"33":1},"f":{"0":2,"1":3,"2":2,"3":4,"4":3},"b":{"0":[1,1],"1":[1,2],"2":[1,1]},"_coverageSchema":"1a1c01bbd47fc00a2c39e90264f33305004495a9","hash":"d96a8904aa65b9335100fba6ef0a588e445f1b66"}
,"D:\\seedbank\\SeedBank\\server\\controllers\\GenusController.js": {"path":"D:\\seedbank\\SeedBank\\server\\controllers\\GenusController.js","statementMap":{"0":{"start":{"line":1,"column":34},"end":{"line":1,"column":61}},"1":{"start":{"line":3,"column":0},"end":{"line":16,"column":2}},"2":{"start":{"line":4,"column":2},"end":{"line":15,"column":3}},"3":{"start":{"line":5,"column":19},"end":{"line":11,"column":6}},"4":{"start":{"line":12,"column":4},"end":{"line":12,"column":21}},"5":{"start":{"line":14,"column":4},"end":{"line":14,"column":51}},"6":{"start":{"line":18,"column":0},"end":{"line":31,"column":2}},"7":{"start":{"line":19,"column":2},"end":{"line":30,"column":3}},"8":{"start":{"line":20,"column":18},"end":{"line":25,"column":6}},"9":{"start":{"line":26,"column":4},"end":{"line":26,"column":74}},"10":{"start":{"line":26,"column":16},"end":{"line":26,"column":74}},"11":{"start":{"line":27,"column":4},"end":{"line":27,"column":20}},"12":{"start":{"line":29,"column":4},"end":{"line":29,"column":51}},"13":{"start":{"line":33,"column":0},"end":{"line":40,"column":2}},"14":{"start":{"line":34,"column":2},"end":{"line":39,"column":3}},"15":{"start":{"line":35,"column":18},"end":{"line":35,"column":46}},"16":{"start":{"line":36,"column":4},"end":{"line":36,"column":32}},"17":{"start":{"line":38,"column":4},"end":{"line":38,"column":51}},"18":{"start":{"line":42,"column":0},"end":{"line":52,"column":2}},"19":{"start":{"line":43,"column":2},"end":{"line":51,"column":3}},"20":{"start":{"line":44,"column":18},"end":{"line":44,"column":53}},"21":{"start":{"line":45,"column":4},"end":{"line":45,"column":74}},"22":{"start":{"line":45,"column":16},"end":{"line":45,"column":74}},"23":{"start":{"line":47,"column":25},"end":{"line":47,"column":53}},"24":{"start":{"line":48,"column":4},"end":{"line":48,"column":27}},"25":{"start":{"line":50,"column":4},"end":{"line":50,"column":51}},"26":{"start":{"line":54,"column":0},"end":{"line":64,"column":2}},"27":{"start":{"line":55,"column":2},"end":{"line":63,"column":3}},"28":{"start":{"line":56,"column":18},"end":{"line":56,"column":53}},"29":{"start":{"line":57,"column":4},"end":{"line":57,"column":74}},"30":{"start":{"line":57,"column":16},"end":{"line":57,"column":74}},"31":{"start":{"line":59,"column":4},"end":{"line":59,"column":26}},"32":{"start":{"line":60,"column":4},"end":{"line":60,"column":56}},"33":{"start":{"line":62,"column":4},"end":{"line":62,"column":51}}},"fnMap":{"0":{"name":"(anonymous_0)","decl":{"start":{"line":3,"column":23},"end":{"line":3,"column":24}},"loc":{"start":{"line":3,"column":43},"end":{"line":16,"column":1}},"line":3},"1":{"name":"(anonymous_1)","decl":{"start":{"line":18,"column":23},"end":{"line":18,"column":24}},"loc":{"start":{"line":18,"column":43},"end":{"line":31,"column":1}},"line":18},"2":{"name":"(anonymous_2)","decl":{"start":{"line":33,"column":22},"end":{"line":33,"column":23}},"loc":{"start":{"line":33,"column":42},"end":{"line":40,"column":1}},"line":33},"3":{"name":"(anonymous_3)","decl":{"start":{"line":42,"column":22},"end":{"line":42,"column":23}},"loc":{"start":{"line":42,"column":42},"end":{"line":52,"column":1}},"line":42},"4":{"name":"(anonymous_4)","decl":{"start":{"line":54,"column":22},"end":{"line":54,"column":23}},"loc":{"start":{"line":54,"column":42},"end":{"line":64,"column":1}},"line":54}},"branchMap":{"0":{"loc":{"start":{"line":26,"column":4},"end":{"line":26,"column":74}},"type":"if","locations":[{"start":{"line":26,"column":4},"end":{"line":26,"column":74}},{"start":{},"end":{}}],"line":26},"1":{"loc":{"start":{"line":45,"column":4},"end":{"line":45,"column":74}},"type":"if","locations":[{"start":{"line":45,"column":4},"end":{"line":45,"column":74}},{"start":{},"end":{}}],"line":45},"2":{"loc":{"start":{"line":57,"column":4},"end":{"line":57,"column":74}},"type":"if","locations":[{"start":{"line":57,"column":4},"end":{"line":57,"column":74}},{"start":{},"end":{}}],"line":57}},"s":{"0":1,"1":1,"2":2,"3":2,"4":1,"5":1,"6":1,"7":3,"8":3,"9":2,"10":1,"11":1,"12":1,"13":1,"14":2,"15":2,"16":1,"17":1,"18":1,"19":4,"20":4,"21":3,"22":1,"23":2,"24":1,"25":2,"26":1,"27":3,"28":3,"29":2,"30":1,"31":1,"32":1,"33":1},"f":{"0":2,"1":3,"2":2,"3":4,"4":3},"b":{"0":[1,1],"1":[1,2],"2":[1,1]},"_coverageSchema":"1a1c01bbd47fc00a2c39e90264f33305004495a9","hash":"7662a371bdb60a503f95d22dd6407526baf8bff8"}
,"D:\\seedbank\\SeedBank\\server\\controllers\\PlaceController.js": {"path":"D:\\seedbank\\SeedBank\\server\\controllers\\PlaceController.js","statementMap":{"0":{"start":{"line":1,"column":36},"end":{"line":1,"column":63}},"1":{"start":{"line":3,"column":0},"end":{"line":13,"column":2}},"2":{"start":{"line":4,"column":2},"end":{"line":12,"column":3}},"3":{"start":{"line":5,"column":19},"end":{"line":8,"column":6}},"4":{"start":{"line":9,"column":4},"end":{"line":9,"column":21}},"5":{"start":{"line":11,"column":4},"end":{"line":11,"column":51}},"6":{"start":{"line":15,"column":0},"end":{"line":25,"column":2}},"7":{"start":{"line":16,"column":2},"end":{"line":24,"column":3}},"8":{"start":{"line":17,"column":18},"end":{"line":19,"column":6}},"9":{"start":{"line":20,"column":4},"end":{"line":20,"column":74}},"10":{"start":{"line":20,"column":16},"end":{"line":20,"column":74}},"11":{"start":{"line":21,"column":4},"end":{"line":21,"column":20}},"12":{"start":{"line":23,"column":4},"end":{"line":23,"column":51}},"13":{"start":{"line":27,"column":0},"end":{"line":34,"column":2}},"14":{"start":{"line":28,"column":2},"end":{"line":33,"column":3}},"15":{"start":{"line":29,"column":18},"end":{"line":29,"column":58}},"16":{"start":{"line":30,"column":4},"end":{"line":30,"column":32}},"17":{"start":{"line":32,"column":4},"end":{"line":32,"column":51}},"18":{"start":{"line":36,"column":0},"end":{"line":46,"column":2}},"19":{"start":{"line":37,"column":2},"end":{"line":45,"column":3}},"20":{"start":{"line":38,"column":18},"end":{"line":38,"column":65}},"21":{"start":{"line":39,"column":4},"end":{"line":39,"column":74}},"22":{"start":{"line":39,"column":16},"end":{"line":39,"column":74}},"23":{"start":{"line":41,"column":25},"end":{"line":41,"column":53}},"24":{"start":{"line":42,"column":4},"end":{"line":42,"column":27}},"25":{"start":{"line":44,"column":4},"end":{"line":44,"column":51}},"26":{"start":{"line":48,"column":0},"end":{"line":58,"column":2}},"27":{"start":{"line":49,"column":2},"end":{"line":57,"column":3}},"28":{"start":{"line":50,"column":18},"end":{"line":50,"column":65}},"29":{"start":{"line":51,"column":4},"end":{"line":51,"column":74}},"30":{"start":{"line":51,"column":16},"end":{"line":51,"column":74}},"31":{"start":{"line":53,"column":4},"end":{"line":53,"column":26}},"32":{"start":{"line":54,"column":4},"end":{"line":54,"column":56}},"33":{"start":{"line":56,"column":4},"end":{"line":56,"column":51}}},"fnMap":{"0":{"name":"(anonymous_0)","decl":{"start":{"line":3,"column":23},"end":{"line":3,"column":24}},"loc":{"start":{"line":3,"column":43},"end":{"line":13,"column":1}},"line":3},"1":{"name":"(anonymous_1)","decl":{"start":{"line":15,"column":23},"end":{"line":15,"column":24}},"loc":{"start":{"line":15,"column":43},"end":{"line":25,"column":1}},"line":15},"2":{"name":"(anonymous_2)","decl":{"start":{"line":27,"column":22},"end":{"line":27,"column":23}},"loc":{"start":{"line":27,"column":42},"end":{"line":34,"column":1}},"line":27},"3":{"name":"(anonymous_3)","decl":{"start":{"line":36,"column":22},"end":{"line":36,"column":23}},"loc":{"start":{"line":36,"column":42},"end":{"line":46,"column":1}},"line":36},"4":{"name":"(anonymous_4)","decl":{"start":{"line":48,"column":22},"end":{"line":48,"column":23}},"loc":{"start":{"line":48,"column":42},"end":{"line":58,"column":1}},"line":48}},"branchMap":{"0":{"loc":{"start":{"line":20,"column":4},"end":{"line":20,"column":74}},"type":"if","locations":[{"start":{"line":20,"column":4},"end":{"line":20,"column":74}},{"start":{},"end":{}}],"line":20},"1":{"loc":{"start":{"line":39,"column":4},"end":{"line":39,"column":74}},"type":"if","locations":[{"start":{"line":39,"column":4},"end":{"line":39,"column":74}},{"start":{},"end":{}}],"line":39},"2":{"loc":{"start":{"line":51,"column":4},"end":{"line":51,"column":74}},"type":"if","locations":[{"start":{"line":51,"column":4},"end":{"line":51,"column":74}},{"start":{},"end":{}}],"line":51}},"s":{"0":1,"1":1,"2":2,"3":2,"4":1,"5":1,"6":1,"7":3,"8":3,"9":2,"10":1,"11":1,"12":1,"13":1,"14":2,"15":2,"16":1,"17":1,"18":1,"19":4,"20":4,"21":3,"22":1,"23":2,"24":1,"25":2,"26":1,"27":3,"28":3,"29":2,"30":1,"31":1,"32":1,"33":1},"f":{"0":2,"1":3,"2":2,"3":4,"4":3},"b":{"0":[1,1],"1":[1,2],"2":[1,1]},"_coverageSchema":"1a1c01bbd47fc00a2c39e90264f33305004495a9","hash":"1b3c52d4dc72bfdcc76bda6c8fb19ede1a309261"}
,"D:\\seedbank\\SeedBank\\server\\controllers\\RedBookController.js": {"path":"D:\\seedbank\\SeedBank\\server\\controllers\\RedBookController.js","statementMap":{"0":{"start":{"line":1,"column":37},"end":{"line":1,"column":64}},"1":{"start":{"line":3,"column":0},"end":{"line":17,"column":2}},"2":{"start":{"line":4,"column":2},"end":{"line":16,"column":3}},"3":{"start":{"line":5,"column":21},"end":{"line":12,"column":6}},"4":{"start":{"line":13,"column":4},"end":{"line":13,"column":23}},"5":{"start":{"line":15,"column":4},"end":{"line":15,"column":51}},"6":{"start":{"line":19,"column":0},"end":{"line":33,"column":2}},"7":{"start":{"line":20,"column":2},"end":{"line":32,"column":3}},"8":{"start":{"line":21,"column":20},"end":{"line":27,"column":6}},"9":{"start":{"line":28,"column":4},"end":{"line":28,"column":79}},"10":{"start":{"line":28,"column":18},"end":{"line":28,"column":79}},"11":{"start":{"line":29,"column":4},"end":{"line":29,"column":22}},"12":{"start":{"line":31,"column":4},"end":{"line":31,"column":51}},"13":{"start":{"line":35,"column":0},"end":{"line":42,"column":2}},"14":{"start":{"line":36,"column":2},"end":{"line":41,"column":3}},"15":{"start":{"line":37,"column":20},"end":{"line":37,"column":50}},"16":{"start":{"line":38,"column":4},"end":{"line":38,"column":34}},"17":{"start":{"line":40,"column":4},"end":{"line":40,"column":51}},"18":{"start":{"line":44,"column":0},"end":{"line":54,"column":2}},"19":{"start":{"line":45,"column":2},"end":{"line":53,"column":3}},"20":{"start":{"line":46,"column":20},"end":{"line":46,"column":57}},"21":{"start":{"line":47,"column":4},"end":{"line":47,"column":79}},"22":{"start":{"line":47,"column":18},"end":{"line":47,"column":79}},"23":{"start":{"line":49,"column":27},"end":{"line":49,"column":57}},"24":{"start":{"line":50,"column":4},"end":{"line":50,"column":29}},"25":{"start":{"line":52,"column":4},"end":{"line":52,"column":51}},"26":{"start":{"line":56,"column":0},"end":{"line":66,"column":2}},"27":{"start":{"line":57,"column":2},"end":{"line":65,"column":3}},"28":{"start":{"line":58,"column":20},"end":{"line":58,"column":57}},"29":{"start":{"line":59,"column":4},"end":{"line":59,"column":79}},"30":{"start":{"line":59,"column":18},"end":{"line":59,"column":79}},"31":{"start":{"line":61,"column":4},"end":{"line":61,"column":28}},"32":{"start":{"line":62,"column":4},"end":{"line":62,"column":59}},"33":{"start":{"line":64,"column":4},"end":{"line":64,"column":51}}},"fnMap":{"0":{"name":"(anonymous_0)","decl":{"start":{"line":3,"column":25},"end":{"line":3,"column":26}},"loc":{"start":{"line":3,"column":45},"end":{"line":17,"column":1}},"line":3},"1":{"name":"(anonymous_1)","decl":{"start":{"line":19,"column":25},"end":{"line":19,"column":26}},"loc":{"start":{"line":19,"column":45},"end":{"line":33,"column":1}},"line":19},"2":{"name":"(anonymous_2)","decl":{"start":{"line":35,"column":24},"end":{"line":35,"column":25}},"loc":{"start":{"line":35,"column":44},"end":{"line":42,"column":1}},"line":35},"3":{"name":"(anonymous_3)","decl":{"start":{"line":44,"column":24},"end":{"line":44,"column":25}},"loc":{"start":{"line":44,"column":44},"end":{"line":54,"column":1}},"line":44},"4":{"name":"(anonymous_4)","decl":{"start":{"line":56,"column":24},"end":{"line":56,"column":25}},"loc":{"start":{"line":56,"column":44},"end":{"line":66,"column":1}},"line":56}},"branchMap":{"0":{"loc":{"start":{"line":28,"column":4},"end":{"line":28,"column":79}},"type":"if","locations":[{"start":{"line":28,"column":4},"end":{"line":28,"column":79}},{"start":{},"end":{}}],"line":28},"1":{"loc":{"start":{"line":47,"column":4},"end":{"line":47,"column":79}},"type":"if","locations":[{"start":{"line":47,"column":4},"end":{"line":47,"column":79}},{"start":{},"end":{}}],"line":47},"2":{"loc":{"start":{"line":59,"column":4},"end":{"line":59,"column":79}},"type":"if","locations":[{"start":{"line":59,"column":4},"end":{"line":59,"column":79}},{"start":{},"end":{}}],"line":59}},"s":{"0":1,"1":1,"2":2,"3":2,"4":1,"5":1,"6":1,"7":3,"8":3,"9":2,"10":1,"11":1,"12":1,"13":1,"14":2,"15":2,"16":1,"17":1,"18":1,"19":4,"20":4,"21":3,"22":1,"23":2,"24":1,"25":2,"26":1,"27":3,"28":3,"29":2,"30":1,"31":1,"32":1,"33":1},"f":{"0":2,"1":3,"2":2,"3":4,"4":3},"b":{"0":[1,1],"1":[1,2],"2":[1,1]},"_coverageSchema":"1a1c01bbd47fc00a2c39e90264f33305004495a9","hash":"fbea475fe6091c94d2f0c26122c8eafba452f22d"}
,"D:\\seedbank\\SeedBank\\server\\controllers\\RoleController.js": {"path":"D:\\seedbank\\SeedBank\\server\\controllers\\RoleController.js","statementMap":{"0":{"start":{"line":1,"column":26},"end":{"line":1,"column":53}},"1":{"start":{"line":3,"column":0},"end":{"line":12,"column":2}},"2":{"start":{"line":4,"column":2},"end":{"line":11,"column":3}},"3":{"start":{"line":5,"column":18},"end":{"line":7,"column":6}},"4":{"start":{"line":8,"column":4},"end":{"line":8,"column":20}},"5":{"start":{"line":10,"column":4},"end":{"line":10,"column":51}},"6":{"start":{"line":14,"column":0},"end":{"line":24,"column":2}},"7":{"start":{"line":15,"column":2},"end":{"line":23,"column":3}},"8":{"start":{"line":16,"column":17},"end":{"line":18,"column":6}},"9":{"start":{"line":19,"column":4},"end":{"line":19,"column":72}},"10":{"start":{"line":19,"column":15},"end":{"line":19,"column":72}},"11":{"start":{"line":20,"column":4},"end":{"line":20,"column":19}},"12":{"start":{"line":22,"column":4},"end":{"line":22,"column":51}},"13":{"start":{"line":26,"column":0},"end":{"line":36,"column":2}},"14":{"start":{"line":27,"column":2},"end":{"line":35,"column":3}},"15":{"start":{"line":28,"column":17},"end":{"line":28,"column":51}},"16":{"start":{"line":29,"column":4},"end":{"line":29,"column":72}},"17":{"start":{"line":29,"column":15},"end":{"line":29,"column":72}},"18":{"start":{"line":31,"column":24},"end":{"line":31,"column":51}},"19":{"start":{"line":32,"column":4},"end":{"line":32,"column":26}},"20":{"start":{"line":34,"column":4},"end":{"line":34,"column":51}}},"fnMap":{"0":{"name":"(anonymous_0)","decl":{"start":{"line":3,"column":22},"end":{"line":3,"column":23}},"loc":{"start":{"line":3,"column":42},"end":{"line":12,"column":1}},"line":3},"1":{"name":"(anonymous_1)","decl":{"start":{"line":14,"column":22},"end":{"line":14,"column":23}},"loc":{"start":{"line":14,"column":42},"end":{"line":24,"column":1}},"line":14},"2":{"name":"(anonymous_2)","decl":{"start":{"line":26,"column":21},"end":{"line":26,"column":22}},"loc":{"start":{"line":26,"column":41},"end":{"line":36,"column":1}},"line":26}},"branchMap":{"0":{"loc":{"start":{"line":19,"column":4},"end":{"line":19,"column":72}},"type":"if","locations":[{"start":{"line":19,"column":4},"end":{"line":19,"column":72}},{"start":{},"end":{}}],"line":19},"1":{"loc":{"start":{"line":29,"column":4},"end":{"line":29,"column":72}},"type":"if","locations":[{"start":{"line":29,"column":4},"end":{"line":29,"column":72}},{"start":{},"end":{}}],"line":29}},"s":{"0":1,"1":1,"2":2,"3":2,"4":1,"5":1,"6":1,"7":3,"8":3,"9":2,"10":1,"11":1,"12":1,"13":1,"14":4,"15":4,"16":3,"17":1,"18":2,"19":1,"20":2},"f":{"0":2,"1":3,"2":4},"b":{"0":[1,1],"1":[1,2]},"_coverageSchema":"1a1c01bbd47fc00a2c39e90264f33305004495a9","hash":"0957f9d89af22f138696f163ffdb2663a42e37d3"}
,"D:\\seedbank\\SeedBank\\server\\controllers\\SeedController.js": {"path":"D:\\seedbank\\SeedBank\\server\\controllers\\SeedController.js","statementMap":{"0":{"start":{"line":1,"column":77},"end":{"line":1,"column":104}},"1":{"start":{"line":2,"column":13},"end":{"line":2,"column":28}},"2":{"start":{"line":3,"column":15},"end":{"line":3,"column":32}},"3":{"start":{"line":6,"column":16},"end":{"line":15,"column":2}},"4":{"start":{"line":8,"column":4},"end":{"line":8,"column":56}},"5":{"start":{"line":11,"column":25},"end":{"line":11,"column":75}},"6":{"start":{"line":12,"column":16},"end":{"line":12,"column":47}},"7":{"start":{"line":13,"column":4},"end":{"line":13,"column":56}},"8":{"start":{"line":16,"column":15},"end":{"line":16,"column":34}},"9":{"start":{"line":19,"column":0},"end":{"line":22,"column":3}},"10":{"start":{"line":24,"column":0},"end":{"line":48,"column":2}},"11":{"start":{"line":25,"column":2},"end":{"line":47,"column":3}},"12":{"start":{"line":26,"column":18},"end":{"line":43,"column":6}},"13":{"start":{"line":44,"column":4},"end":{"line":44,"column":20}},"14":{"start":{"line":46,"column":4},"end":{"line":46,"column":51}},"15":{"start":{"line":50,"column":0},"end":{"line":74,"column":2}},"16":{"start":{"line":51,"column":2},"end":{"line":73,"column":3}},"17":{"start":{"line":52,"column":17},"end":{"line":68,"column":6}},"18":{"start":{"line":69,"column":4},"end":{"line":69,"column":72}},"19":{"start":{"line":69,"column":15},"end":{"line":69,"column":72}},"20":{"start":{"line":70,"column":4},"end":{"line":70,"column":19}},"21":{"start":{"line":72,"column":4},"end":{"line":72,"column":51}},"22":{"start":{"line":76,"column":0},"end":{"line":105,"column":2}},"23":{"start":{"line":77,"column":2},"end":{"line":104,"column":3}},"24":{"start":{"line":79,"column":19},"end":{"line":79,"column":23}},"25":{"start":{"line":80,"column":23},"end":{"line":80,"column":27}},"26":{"start":{"line":82,"column":4},"end":{"line":91,"column":5}},"27":{"start":{"line":83,"column":6},"end":{"line":86,"column":7}},"28":{"start":{"line":84,"column":21},"end":{"line":84,"column":39}},"29":{"start":{"line":85,"column":8},"end":{"line":85,"column":75}},"30":{"start":{"line":87,"column":6},"end":{"line":90,"column":7}},"31":{"start":{"line":88,"column":22},"end":{"line":88,"column":44}},"32":{"start":{"line":89,"column":8},"end":{"line":89,"column":80}},"33":{"start":{"line":94,"column":21},"end":{"line":98,"column":5}},"34":{"start":{"line":100,"column":17},"end":{"line":100,"column":44}},"35":{"start":{"line":101,"column":4},"end":{"line":101,"column":31}},"36":{"start":{"line":103,"column":4},"end":{"line":103,"column":51}},"37":{"start":{"line":108,"column":0},"end":{"line":139,"column":2}},"38":{"start":{"line":109,"column":2},"end":{"line":138,"column":3}},"39":{"start":{"line":110,"column":17},"end":{"line":110,"column":51}},"40":{"start":{"line":111,"column":4},"end":{"line":111,"column":72}},"41":{"start":{"line":111,"column":15},"end":{"line":111,"column":72}},"42":{"start":{"line":114,"column":19},"end":{"line":114,"column":29}},"43":{"start":{"line":115,"column":23},"end":{"line":115,"column":37}},"44":{"start":{"line":117,"column":4},"end":{"line":126,"column":5}},"45":{"start":{"line":118,"column":6},"end":{"line":121,"column":7}},"46":{"start":{"line":119,"column":21},"end":{"line":119,"column":39}},"47":{"start":{"line":120,"column":8},"end":{"line":120,"column":75}},"48":{"start":{"line":122,"column":6},"end":{"line":125,"column":7}},"49":{"start":{"line":123,"column":22},"end":{"line":123,"column":44}},"50":{"start":{"line":124,"column":8},"end":{"line":124,"column":80}},"51":{"start":{"line":128,"column":24},"end":{"line":132,"column":5}},"52":{"start":{"line":134,"column":24},"end":{"line":134,"column":54}},"53":{"start":{"line":135,"column":4},"end":{"line":135,"column":26}},"54":{"start":{"line":137,"column":4},"end":{"line":137,"column":51}},"55":{"start":{"line":141,"column":0},"end":{"line":151,"column":2}},"56":{"start":{"line":142,"column":2},"end":{"line":150,"column":3}},"57":{"start":{"line":143,"column":17},"end":{"line":143,"column":51}},"58":{"start":{"line":144,"column":4},"end":{"line":144,"column":72}},"59":{"start":{"line":144,"column":15},"end":{"line":144,"column":72}},"60":{"start":{"line":146,"column":4},"end":{"line":146,"column":25}},"61":{"start":{"line":147,"column":4},"end":{"line":147,"column":55}},"62":{"start":{"line":149,"column":4},"end":{"line":149,"column":51}}},"fnMap":{"0":{"name":"(anonymous_0)","decl":{"start":{"line":7,"column":15},"end":{"line":7,"column":16}},"loc":{"start":{"line":7,"column":34},"end":{"line":9,"column":3}},"line":7},"1":{"name":"(anonymous_1)","decl":{"start":{"line":10,"column":12},"end":{"line":10,"column":13}},"loc":{"start":{"line":10,"column":31},"end":{"line":14,"column":3}},"line":10},"2":{"name":"(anonymous_2)","decl":{"start":{"line":24,"column":22},"end":{"line":24,"column":23}},"loc":{"start":{"line":24,"column":42},"end":{"line":48,"column":1}},"line":24},"3":{"name":"(anonymous_3)","decl":{"start":{"line":50,"column":22},"end":{"line":50,"column":23}},"loc":{"start":{"line":50,"column":42},"end":{"line":74,"column":1}},"line":50},"4":{"name":"(anonymous_4)","decl":{"start":{"line":76,"column":21},"end":{"line":76,"column":22}},"loc":{"start":{"line":76,"column":41},"end":{"line":105,"column":1}},"line":76},"5":{"name":"(anonymous_5)","decl":{"start":{"line":108,"column":21},"end":{"line":108,"column":22}},"loc":{"start":{"line":108,"column":41},"end":{"line":139,"column":1}},"line":108},"6":{"name":"(anonymous_6)","decl":{"start":{"line":141,"column":21},"end":{"line":141,"column":22}},"loc":{"start":{"line":141,"column":41},"end":{"line":151,"column":1}},"line":141}},"branchMap":{"0":{"loc":{"start":{"line":69,"column":4},"end":{"line":69,"column":72}},"type":"if","locations":[{"start":{"line":69,"column":4},"end":{"line":69,"column":72}},{"start":{},"end":{}}],"line":69},"1":{"loc":{"start":{"line":82,"column":4},"end":{"line":91,"column":5}},"type":"if","locations":[{"start":{"line":82,"column":4},"end":{"line":91,"column":5}},{"start":{},"end":{}}],"line":82},"2":{"loc":{"start":{"line":83,"column":6},"end":{"line":86,"column":7}},"type":"if","locations":[{"start":{"line":83,"column":6},"end":{"line":86,"column":7}},{"start":{},"end":{}}],"line":83},"3":{"loc":{"start":{"line":83,"column":10},"end":{"line":83,"column":55}},"type":"binary-expr","locations":[{"start":{"line":83,"column":10},"end":{"line":83,"column":25}},{"start":{"line":83,"column":29},"end":{"line":83,"column":55}}],"line":83},"4":{"loc":{"start":{"line":87,"column":6},"end":{"line":90,"column":7}},"type":"if","locations":[{"start":{"line":87,"column":6},"end":{"line":90,"column":7}},{"start":{},"end":{}}],"line":87},"5":{"loc":{"start":{"line":87,"column":10},"end":{"line":87,"column":63}},"type":"binary-expr","locations":[{"start":{"line":87,"column":10},"end":{"line":87,"column":29}},{"start":{"line":87,"column":33},"end":{"line":87,"column":63}}],"line":87},"6":{"loc":{"start":{"line":111,"column":4},"end":{"line":111,"column":72}},"type":"if","locations":[{"start":{"line":111,"column":4},"end":{"line":111,"column":72}},{"start":{},"end":{}}],"line":111},"7":{"loc":{"start":{"line":117,"column":4},"end":{"line":126,"column":5}},"type":"if","locations":[{"start":{"line":117,"column":4},"end":{"line":126,"column":5}},{"start":{},"end":{}}],"line":117},"8":{"loc":{"start":{"line":118,"column":6},"end":{"line":121,"column":7}},"type":"if","locations":[{"start":{"line":118,"column":6},"end":{"line":121,"column":7}},{"start":{},"end":{}}],"line":118},"9":{"loc":{"start":{"line":118,"column":10},"end":{"line":118,"column":55}},"type":"binary-expr","locations":[{"start":{"line":118,"column":10},"end":{"line":118,"column":25}},{"start":{"line":118,"column":29},"end":{"line":118,"column":55}}],"line":118},"10":{"loc":{"start":{"line":122,"column":6},"end":{"line":125,"column":7}},"type":"if","locations":[{"start":{"line":122,"column":6},"end":{"line":125,"column":7}},{"start":{},"end":{}}],"line":122},"11":{"loc":{"start":{"line":122,"column":10},"end":{"line":122,"column":63}},"type":"binary-expr","locations":[{"start":{"line":122,"column":10},"end":{"line":122,"column":29}},{"start":{"line":122,"column":33},"end":{"line":122,"column":63}}],"line":122},"12":{"loc":{"start":{"line":144,"column":4},"end":{"line":144,"column":72}},"type":"if","locations":[{"start":{"line":144,"column":4},"end":{"line":144,"column":72}},{"start":{},"end":{}}],"line":144}},"s":{"0":1,"1":1,"2":1,"3":1,"4":0,"5":0,"6":0,"7":0,"8":1,"9":1,"10":1,"11":2,"12":2,"13":1,"14":1,"15":1,"16":3,"17":3,"18":2,"19":1,"20":1,"21":1,"22":1,"23":3,"24":3,"25":3,"26":3,"27":3,"28":1,"29":1,"30":3,"31":1,"32":1,"33":3,"34":3,"35":2,"36":1,"37":1,"38":5,"39":5,"40":4,"41":1,"42":3,"43":3,"44":3,"45":3,"46":1,"47":1,"48":3,"49":1,"50":1,"51":3,"52":3,"53":2,"54":2,"55":1,"56":3,"57":3,"58":2,"59":1,"60":1,"61":1,"62":1},"f":{"0":0,"1":0,"2":2,"3":3,"4":3,"5":5,"6":3},"b":{"0":[1,1],"1":[3,0],"2":[1,2],"3":[3,1],"4":[1,2],"5":[3,1],"6":[1,3],"7":[3,0],"8":[1,2],"9":[3,1],"10":[1,2],"11":[3,1],"12":[1,1]},"_coverageSchema":"1a1c01bbd47fc00a2c39e90264f33305004495a9","hash":"4cdc69920b1b794bb268c31b93ba9d41d80ac6cd"}
,"D:\\seedbank\\SeedBank\\server\\controllers\\SpecieController.js": {"path":"D:\\seedbank\\SeedBank\\server\\controllers\\SpecieController.js","statementMap":{"0":{"start":{"line":1,"column":40},"end":{"line":1,"column":67}},"1":{"start":{"line":3,"column":0},"end":{"line":19,"column":2}},"2":{"start":{"line":4,"column":2},"end":{"line":18,"column":3}},"3":{"start":{"line":5,"column":20},"end":{"line":14,"column":6}},"4":{"start":{"line":15,"column":4},"end":{"line":15,"column":22}},"5":{"start":{"line":17,"column":4},"end":{"line":17,"column":51}},"6":{"start":{"line":21,"column":0},"end":{"line":36,"column":2}},"7":{"start":{"line":22,"column":2},"end":{"line":35,"column":3}},"8":{"start":{"line":23,"column":19},"end":{"line":30,"column":6}},"9":{"start":{"line":31,"column":4},"end":{"line":31,"column":76}},"10":{"start":{"line":31,"column":17},"end":{"line":31,"column":76}},"11":{"start":{"line":32,"column":4},"end":{"line":32,"column":21}},"12":{"start":{"line":34,"column":4},"end":{"line":34,"column":51}},"13":{"start":{"line":38,"column":0},"end":{"line":45,"column":2}},"14":{"start":{"line":39,"column":2},"end":{"line":44,"column":3}},"15":{"start":{"line":40,"column":19},"end":{"line":40,"column":48}},"16":{"start":{"line":41,"column":4},"end":{"line":41,"column":33}},"17":{"start":{"line":43,"column":4},"end":{"line":43,"column":51}},"18":{"start":{"line":47,"column":0},"end":{"line":57,"column":2}},"19":{"start":{"line":48,"column":2},"end":{"line":56,"column":3}},"20":{"start":{"line":49,"column":19},"end":{"line":49,"column":55}},"21":{"start":{"line":50,"column":4},"end":{"line":50,"column":76}},"22":{"start":{"line":50,"column":17},"end":{"line":50,"column":76}},"23":{"start":{"line":52,"column":26},"end":{"line":52,"column":55}},"24":{"start":{"line":53,"column":4},"end":{"line":53,"column":28}},"25":{"start":{"line":55,"column":4},"end":{"line":55,"column":51}},"26":{"start":{"line":59,"column":0},"end":{"line":69,"column":2}},"27":{"start":{"line":60,"column":2},"end":{"line":68,"column":3}},"28":{"start":{"line":61,"column":19},"end":{"line":61,"column":55}},"29":{"start":{"line":62,"column":4},"end":{"line":62,"column":76}},"30":{"start":{"line":62,"column":17},"end":{"line":62,"column":76}},"31":{"start":{"line":64,"column":4},"end":{"line":64,"column":27}},"32":{"start":{"line":65,"column":4},"end":{"line":65,"column":57}},"33":{"start":{"line":67,"column":4},"end":{"line":67,"column":51}}},"fnMap":{"0":{"name":"(anonymous_0)","decl":{"start":{"line":3,"column":24},"end":{"line":3,"column":25}},"loc":{"start":{"line":3,"column":44},"end":{"line":19,"column":1}},"line":3},"1":{"name":"(anonymous_1)","decl":{"start":{"line":21,"column":24},"end":{"line":21,"column":25}},"loc":{"start":{"line":21,"column":44},"end":{"line":36,"column":1}},"line":21},"2":{"name":"(anonymous_2)","decl":{"start":{"line":38,"column":23},"end":{"line":38,"column":24}},"loc":{"start":{"line":38,"column":43},"end":{"line":45,"column":1}},"line":38},"3":{"name":"(anonymous_3)","decl":{"start":{"line":47,"column":23},"end":{"line":47,"column":24}},"loc":{"start":{"line":47,"column":43},"end":{"line":57,"column":1}},"line":47},"4":{"name":"(anonymous_4)","decl":{"start":{"line":59,"column":23},"end":{"line":59,"column":24}},"loc":{"start":{"line":59,"column":43},"end":{"line":69,"column":1}},"line":59}},"branchMap":{"0":{"loc":{"start":{"line":31,"column":4},"end":{"line":31,"column":76}},"type":"if","locations":[{"start":{"line":31,"column":4},"end":{"line":31,"column":76}},{"start":{},"end":{}}],"line":31},"1":{"loc":{"start":{"line":50,"column":4},"end":{"line":50,"column":76}},"type":"if","locations":[{"start":{"line":50,"column":4},"end":{"line":50,"column":76}},{"start":{},"end":{}}],"line":50},"2":{"loc":{"start":{"line":62,"column":4},"end":{"line":62,"column":76}},"type":"if","locations":[{"start":{"line":62,"column":4},"end":{"line":62,"column":76}},{"start":{},"end":{}}],"line":62}},"s":{"0":1,"1":1,"2":2,"3":2,"4":1,"5":1,"6":1,"7":3,"8":3,"9":2,"10":1,"11":1,"12":1,"13":1,"14":2,"15":2,"16":1,"17":1,"18":1,"19":4,"20":4,"21":3,"22":1,"23":2,"24":1,"25":2,"26":1,"27":3,"28":3,"29":2,"30":1,"31":1,"32":1,"33":1},"f":{"0":2,"1":3,"2":2,"3":4,"4":3},"b":{"0":[1,1],"1":[1,2],"2":[1,1]},"_coverageSchema":"1a1c01bbd47fc00a2c39e90264f33305004495a9","hash":"203a2b2d46d405a84258dc95d74243e7f7bdb223"}
,"D:\\seedbank\\SeedBank\\server\\middlewares\\authMiddleware.js": {"path":"D:\\seedbank\\SeedBank\\server\\middlewares\\authMiddleware.js","statementMap":{"0":{"start":{"line":1,"column":12},"end":{"line":1,"column":35}},"1":{"start":{"line":3,"column":0},"end":{"line":24,"column":2}},"2":{"start":{"line":4,"column":2},"end":{"line":23,"column":4}},"3":{"start":{"line":5,"column":4},"end":{"line":5,"column":48}},"4":{"start":{"line":5,"column":34},"end":{"line":5,"column":48}},"5":{"start":{"line":7,"column":4},"end":{"line":22,"column":5}},"6":{"start":{"line":8,"column":20},"end":{"line":8,"column":60}},"7":{"start":{"line":9,"column":6},"end":{"line":9,"column":77}},"8":{"start":{"line":9,"column":18},"end":{"line":9,"column":77}},"9":{"start":{"line":11,"column":22},"end":{"line":11,"column":70}},"10":{"start":{"line":12,"column":6},"end":{"line":12,"column":28}},"11":{"start":{"line":15,"column":6},"end":{"line":17,"column":7}},"12":{"start":{"line":16,"column":8},"end":{"line":16,"column":68}},"13":{"start":{"line":19,"column":6},"end":{"line":19,"column":13}},"14":{"start":{"line":21,"column":6},"end":{"line":21,"column":58}}},"fnMap":{"0":{"name":"(anonymous_0)","decl":{"start":{"line":3,"column":17},"end":{"line":3,"column":18}},"loc":{"start":{"line":3,"column":39},"end":{"line":24,"column":1}},"line":3},"1":{"name":"(anonymous_1)","decl":{"start":{"line":4,"column":9},"end":{"line":4,"column":10}},"loc":{"start":{"line":4,"column":35},"end":{"line":23,"column":3}},"line":4}},"branchMap":{"0":{"loc":{"start":{"line":3,"column":27},"end":{"line":3,"column":37}},"type":"default-arg","locations":[{"start":{"line":3,"column":35},"end":{"line":3,"column":37}}],"line":3},"1":{"loc":{"start":{"line":5,"column":4},"end":{"line":5,"column":48}},"type":"if","locations":[{"start":{"line":5,"column":4},"end":{"line":5,"column":48}},{"start":{},"end":{}}],"line":5},"2":{"loc":{"start":{"line":9,"column":6},"end":{"line":9,"column":77}},"type":"if","locations":[{"start":{"line":9,"column":6},"end":{"line":9,"column":77}},{"start":{},"end":{}}],"line":9},"3":{"loc":{"start":{"line":15,"column":6},"end":{"line":17,"column":7}},"type":"if","locations":[{"start":{"line":15,"column":6},"end":{"line":17,"column":7}},{"start":{},"end":{}}],"line":15},"4":{"loc":{"start":{"line":15,"column":10},"end":{"line":15,"column":55}},"type":"binary-expr","locations":[{"start":{"line":15,"column":10},"end":{"line":15,"column":22}},{"start":{"line":15,"column":26},"end":{"line":15,"column":55}}],"line":15}},"s":{"0":1,"1":1,"2":5,"3":5,"4":1,"5":4,"6":4,"7":4,"8":1,"9":3,"10":2,"11":2,"12":1,"13":1,"14":1},"f":{"0":5,"1":5},"b":{"0":[0],"1":[1,4],"2":[1,3],"3":[1,1],"4":[2,2]},"_coverageSchema":"1a1c01bbd47fc00a2c39e90264f33305004495a9","hash":"04eeab7219d59e115bf0c25628061d6198e30e2c"}
,"D:\\seedbank\\SeedBank\\server\\middlewares\\checkRoleMiddleware.js": {"path":"D:\\seedbank\\SeedBank\\server\\middlewares\\checkRoleMiddleware.js","statementMap":{"0":{"start":{"line":1,"column":0},"end":{"line":11,"column":2}},"1":{"start":{"line":2,"column":2},"end":{"line":10,"column":4}},"2":{"start":{"line":3,"column":4},"end":{"line":8,"column":5}},"3":{"start":{"line":4,"column":6},"end":{"line":7,"column":9}},"4":{"start":{"line":9,"column":4},"end":{"line":9,"column":11}}},"fnMap":{"0":{"name":"(anonymous_0)","decl":{"start":{"line":1,"column":17},"end":{"line":1,"column":18}},"loc":{"start":{"line":1,"column":41},"end":{"line":11,"column":1}},"line":1},"1":{"name":"(anonymous_1)","decl":{"start":{"line":2,"column":9},"end":{"line":2,"column":10}},"loc":{"start":{"line":2,"column":29},"end":{"line":10,"column":3}},"line":2}},"branchMap":{"0":{"loc":{"start":{"line":3,"column":4},"end":{"line":8,"column":5}},"type":"if","locations":[{"start":{"line":3,"column":4},"end":{"line":8,"column":5}},{"start":{},"end":{}}],"line":3}},"s":{"0":1,"1":3,"2":3,"3":2,"4":1},"f":{"0":3,"1":3},"b":{"0":[2,1]},"_coverageSchema":"1a1c01bbd47fc00a2c39e90264f33305004495a9","hash":"cc8c09aa07830871cd422f1b31bcdf681641d6b0"}
,"D:\\seedbank\\SeedBank\\server\\middlewares\\errorHandler.js": {"path":"D:\\seedbank\\SeedBank\\server\\middlewares\\errorHandler.js","statementMap":{"0":{"start":{"line":1,"column":21},"end":{"line":7,"column":1}},"1":{"start":{"line":2,"column":2},"end":{"line":2,"column":27}},"2":{"start":{"line":3,"column":2},"end":{"line":6,"column":5}},"3":{"start":{"line":9,"column":0},"end":{"line":9,"column":30}}},"fnMap":{"0":{"name":"(anonymous_0)","decl":{"start":{"line":1,"column":21},"end":{"line":1,"column":22}},"loc":{"start":{"line":1,"column":46},"end":{"line":7,"column":1}},"line":1}},"branchMap":{},"s":{"0":1,"1":2,"2":2,"3":1},"f":{"0":2},"b":{},"_coverageSchema":"1a1c01bbd47fc00a2c39e90264f33305004495a9","hash":"adbcbce3f3cc05c1e087d262a1059add9b310fcb"}
}
