TN:
SF:controllers\AccountController.js
FN:3,(anonymous_0)
FN:25,(anonymous_1)
FN:38,(anonymous_2)
FN:52,(anonymous_3)
FN:90,(anonymous_4)
FN:125,(anonymous_5)
FNF:6
FNH:6
FNDA:3,(anonymous_0)
FNDA:2,(anonymous_1)
FNDA:3,(anonymous_2)
FNDA:4,(anonymous_3)
FNDA:5,(anonymous_4)
FNDA:3,(anonymous_5)
DA:1,1
DA:2,1
DA:3,1
DA:4,3
DA:5,3
DA:10,2
DA:12,1
DA:21,1
DA:25,1
DA:26,2
DA:27,2
DA:32,1
DA:34,1
DA:38,1
DA:39,3
DA:40,3
DA:45,2
DA:46,1
DA:49,1
DA:52,1
DA:53,4
DA:54,4
DA:56,4
DA:57,1
DA:60,3
DA:61,3
DA:62,1
DA:65,2
DA:67,1
DA:76,1
DA:85,1
DA:86,1
DA:90,1
DA:91,5
DA:93,5
DA:94,4
DA:96,3
DA:98,3
DA:99,1
DA:102,3
DA:103,1
DA:104,1
DA:106,0
DA:107,0
DA:111,3
DA:112,3
DA:121,1
DA:122,1
DA:125,1
DA:126,3
DA:127,3
DA:128,2
DA:130,1
DA:131,1
DA:134,1
LF:55
LH:53
BRDA:10,0,0,1
BRDA:10,0,1,1
BRDA:45,1,0,1
BRDA:45,1,1,1
BRDA:56,2,0,1
BRDA:56,2,1,3
BRDA:56,3,0,4
BRDA:56,3,1,3
BRDA:56,3,2,3
BRDA:56,3,3,3
BRDA:56,3,4,3
BRDA:61,4,0,1
BRDA:61,4,1,2
BRDA:94,5,0,1
BRDA:94,5,1,3
BRDA:98,6,0,1
BRDA:98,6,1,2
BRDA:98,7,0,3
BRDA:98,7,1,1
BRDA:102,8,0,1
BRDA:102,8,1,2
BRDA:128,9,0,1
BRDA:128,9,1,1
BRF:23
BRH:23
end_of_record
TN:
SF:controllers\AuthController.js
FN:6,(anonymous_0)
FN:16,(anonymous_1)
FN:24,(anonymous_2)
FN:89,(anonymous_3)
FN:121,(anonymous_4)
FNF:5
FNH:5
FNDA:3,(anonymous_0)
FNDA:3,(anonymous_1)
FNDA:5,(anonymous_2)
FNDA:3,(anonymous_3)
FNDA:4,(anonymous_4)
DA:1,1
DA:2,1
DA:3,1
DA:4,1
DA:6,1
DA:7,3
DA:16,1
DA:17,3
DA:24,1
DA:25,5
DA:26,5
DA:27,1
DA:30,4
DA:31,4
DA:34,4
DA:35,3
DA:36,1
DA:40,2
DA:43,2
DA:44,2
DA:45,1
DA:49,1
DA:59,1
DA:68,1
DA:69,1
DA:72,1
DA:85,1
DA:86,1
DA:89,1
DA:90,3
DA:91,3
DA:92,3
DA:97,2
DA:98,1
DA:101,1
DA:102,1
DA:104,1
DA:117,1
DA:121,1
DA:122,4
DA:123,4
DA:124,4
DA:126,3
DA:127,2
DA:131,2
DA:133,1
DA:134,1
DA:136,1
DA:142,1
LF:49
LH:49
BRDA:26,0,0,1
BRDA:26,0,1,4
BRDA:35,1,0,1
BRDA:35,1,1,2
BRDA:44,2,0,1
BRDA:44,2,1,1
BRDA:97,3,0,1
BRDA:97,3,1,1
BRDA:97,4,0,2
BRDA:97,4,1,1
BRDA:124,5,0,1
BRDA:124,5,1,3
BRDA:131,6,0,1
BRDA:131,6,1,1
BRF:14
BRH:14
end_of_record
TN:
SF:controllers\BookLevelController.js
FN:3,(anonymous_0)
FN:15,(anonymous_1)
FN:27,(anonymous_2)
FN:36,(anonymous_3)
FN:48,(anonymous_4)
FNF:5
FNH:5
FNDA:2,(anonymous_0)
FNDA:3,(anonymous_1)
FNDA:2,(anonymous_2)
FNDA:3,(anonymous_3)
FNDA:3,(anonymous_4)
DA:1,1
DA:3,1
DA:4,2
DA:5,2
DA:9,1
DA:11,1
DA:15,1
DA:16,3
DA:17,3
DA:20,2
DA:21,1
DA:23,1
DA:27,1
DA:28,2
DA:29,2
DA:30,1
DA:32,1
DA:36,1
DA:37,3
DA:38,3
DA:39,2
DA:41,1
DA:42,1
DA:44,1
DA:48,1
DA:49,3
DA:50,3
DA:51,2
DA:53,1
DA:54,1
DA:56,1
LF:31
LH:31
BRDA:20,0,0,1
BRDA:20,0,1,1
BRDA:39,1,0,1
BRDA:39,1,1,1
BRDA:51,2,0,1
BRDA:51,2,1,1
BRF:6
BRH:6
end_of_record
TN:
SF:controllers\FamilyController.js
FN:3,(anonymous_0)
FN:15,(anonymous_1)
FN:28,(anonymous_2)
FN:37,(anonymous_3)
FN:49,(anonymous_4)
FNF:5
FNH:5
FNDA:2,(anonymous_0)
FNDA:3,(anonymous_1)
FNDA:2,(anonymous_2)
FNDA:4,(anonymous_3)
FNDA:3,(anonymous_4)
DA:1,1
DA:3,1
DA:4,2
DA:5,2
DA:9,1
DA:11,1
DA:15,1
DA:16,3
DA:17,3
DA:21,2
DA:22,1
DA:24,1
DA:28,1
DA:29,2
DA:30,2
DA:31,1
DA:33,1
DA:37,1
DA:38,4
DA:39,4
DA:40,3
DA:42,2
DA:43,1
DA:45,2
DA:49,1
DA:50,3
DA:51,3
DA:52,2
DA:54,1
DA:55,1
DA:57,1
LF:31
LH:31
BRDA:21,0,0,1
BRDA:21,0,1,1
BRDA:40,1,0,1
BRDA:40,1,1,2
BRDA:52,2,0,1
BRDA:52,2,1,1
BRF:6
BRH:6
end_of_record
TN:
SF:controllers\GenusController.js
FN:3,(anonymous_0)
FN:18,(anonymous_1)
FN:33,(anonymous_2)
FN:42,(anonymous_3)
FN:54,(anonymous_4)
FNF:5
FNH:5
FNDA:2,(anonymous_0)
FNDA:3,(anonymous_1)
FNDA:2,(anonymous_2)
FNDA:4,(anonymous_3)
FNDA:3,(anonymous_4)
DA:1,1
DA:3,1
DA:4,2
DA:5,2
DA:12,1
DA:14,1
DA:18,1
DA:19,3
DA:20,3
DA:26,2
DA:27,1
DA:29,1
DA:33,1
DA:34,2
DA:35,2
DA:36,1
DA:38,1
DA:42,1
DA:43,4
DA:44,4
DA:45,3
DA:47,2
DA:48,1
DA:50,2
DA:54,1
DA:55,3
DA:56,3
DA:57,2
DA:59,1
DA:60,1
DA:62,1
LF:31
LH:31
BRDA:26,0,0,1
BRDA:26,0,1,1
BRDA:45,1,0,1
BRDA:45,1,1,2
BRDA:57,2,0,1
BRDA:57,2,1,1
BRF:6
BRH:6
end_of_record
TN:
SF:controllers\PlaceController.js
FN:3,(anonymous_0)
FN:15,(anonymous_1)
FN:27,(anonymous_2)
FN:36,(anonymous_3)
FN:48,(anonymous_4)
FNF:5
FNH:5
FNDA:2,(anonymous_0)
FNDA:3,(anonymous_1)
FNDA:2,(anonymous_2)
FNDA:4,(anonymous_3)
FNDA:3,(anonymous_4)
DA:1,1
DA:3,1
DA:4,2
DA:5,2
DA:9,1
DA:11,1
DA:15,1
DA:16,3
DA:17,3
DA:20,2
DA:21,1
DA:23,1
DA:27,1
DA:28,2
DA:29,2
DA:30,1
DA:32,1
DA:36,1
DA:37,4
DA:38,4
DA:39,3
DA:41,2
DA:42,1
DA:44,2
DA:48,1
DA:49,3
DA:50,3
DA:51,2
DA:53,1
DA:54,1
DA:56,1
LF:31
LH:31
BRDA:20,0,0,1
BRDA:20,0,1,1
BRDA:39,1,0,1
BRDA:39,1,1,2
BRDA:51,2,0,1
BRDA:51,2,1,1
BRF:6
BRH:6
end_of_record
TN:
SF:controllers\RedBookController.js
FN:3,(anonymous_0)
FN:19,(anonymous_1)
FN:35,(anonymous_2)
FN:44,(anonymous_3)
FN:56,(anonymous_4)
FNF:5
FNH:5
FNDA:2,(anonymous_0)
FNDA:3,(anonymous_1)
FNDA:2,(anonymous_2)
FNDA:4,(anonymous_3)
FNDA:3,(anonymous_4)
DA:1,1
DA:3,1
DA:4,2
DA:5,2
DA:13,1
DA:15,1
DA:19,1
DA:20,3
DA:21,3
DA:28,2
DA:29,1
DA:31,1
DA:35,1
DA:36,2
DA:37,2
DA:38,1
DA:40,1
DA:44,1
DA:45,4
DA:46,4
DA:47,3
DA:49,2
DA:50,1
DA:52,2
DA:56,1
DA:57,3
DA:58,3
DA:59,2
DA:61,1
DA:62,1
DA:64,1
LF:31
LH:31
BRDA:28,0,0,1
BRDA:28,0,1,1
BRDA:47,1,0,1
BRDA:47,1,1,2
BRDA:59,2,0,1
BRDA:59,2,1,1
BRF:6
BRH:6
end_of_record
TN:
SF:controllers\RoleController.js
FN:3,(anonymous_0)
FN:14,(anonymous_1)
FN:26,(anonymous_2)
FNF:3
FNH:3
FNDA:2,(anonymous_0)
FNDA:3,(anonymous_1)
FNDA:4,(anonymous_2)
DA:1,1
DA:3,1
DA:4,2
DA:5,2
DA:8,1
DA:10,1
DA:14,1
DA:15,3
DA:16,3
DA:19,2
DA:20,1
DA:22,1
DA:26,1
DA:27,4
DA:28,4
DA:29,3
DA:31,2
DA:32,1
DA:34,2
LF:19
LH:19
BRDA:19,0,0,1
BRDA:19,0,1,1
BRDA:29,1,0,1
BRDA:29,1,1,2
BRF:4
BRH:4
end_of_record
TN:
SF:controllers\SeedController.js
FN:7,(anonymous_0)
FN:10,(anonymous_1)
FN:24,(anonymous_2)
FN:50,(anonymous_3)
FN:76,(anonymous_4)
FN:108,(anonymous_5)
FN:141,(anonymous_6)
FNF:7
FNH:5
FNDA:0,(anonymous_0)
FNDA:0,(anonymous_1)
FNDA:2,(anonymous_2)
FNDA:3,(anonymous_3)
FNDA:3,(anonymous_4)
FNDA:5,(anonymous_5)
FNDA:3,(anonymous_6)
DA:1,1
DA:2,1
DA:3,1
DA:6,1
DA:8,0
DA:11,0
DA:12,0
DA:13,0
DA:16,1
DA:19,1
DA:24,1
DA:25,2
DA:26,2
DA:44,1
DA:46,1
DA:50,1
DA:51,3
DA:52,3
DA:69,2
DA:70,1
DA:72,1
DA:76,1
DA:77,3
DA:79,3
DA:80,3
DA:82,3
DA:83,3
DA:84,1
DA:85,1
DA:87,3
DA:88,1
DA:89,1
DA:94,3
DA:100,3
DA:101,2
DA:103,1
DA:108,1
DA:109,5
DA:110,5
DA:111,4
DA:114,3
DA:115,3
DA:117,3
DA:118,3
DA:119,1
DA:120,1
DA:122,3
DA:123,1
DA:124,1
DA:128,3
DA:134,3
DA:135,2
DA:137,2
DA:141,1
DA:142,3
DA:143,3
DA:144,2
DA:146,1
DA:147,1
DA:149,1
LF:60
LH:56
BRDA:69,0,0,1
BRDA:69,0,1,1
BRDA:82,1,0,3
BRDA:82,1,1,0
BRDA:83,2,0,1
BRDA:83,2,1,2
BRDA:83,3,0,3
BRDA:83,3,1,1
BRDA:87,4,0,1
BRDA:87,4,1,2
BRDA:87,5,0,3
BRDA:87,5,1,1
BRDA:111,6,0,1
BRDA:111,6,1,3
BRDA:117,7,0,3
BRDA:117,7,1,0
BRDA:118,8,0,1
BRDA:118,8,1,2
BRDA:118,9,0,3
BRDA:118,9,1,1
BRDA:122,10,0,1
BRDA:122,10,1,2
BRDA:122,11,0,3
BRDA:122,11,1,1
BRDA:144,12,0,1
BRDA:144,12,1,1
BRF:26
BRH:24
end_of_record
TN:
SF:controllers\SpecieController.js
FN:3,(anonymous_0)
FN:21,(anonymous_1)
FN:38,(anonymous_2)
FN:47,(anonymous_3)
FN:59,(anonymous_4)
FNF:5
FNH:5
FNDA:2,(anonymous_0)
FNDA:3,(anonymous_1)
FNDA:2,(anonymous_2)
FNDA:4,(anonymous_3)
FNDA:3,(anonymous_4)
DA:1,1
DA:3,1
DA:4,2
DA:5,2
DA:15,1
DA:17,1
DA:21,1
DA:22,3
DA:23,3
DA:31,2
DA:32,1
DA:34,1
DA:38,1
DA:39,2
DA:40,2
DA:41,1
DA:43,1
DA:47,1
DA:48,4
DA:49,4
DA:50,3
DA:52,2
DA:53,1
DA:55,2
DA:59,1
DA:60,3
DA:61,3
DA:62,2
DA:64,1
DA:65,1
DA:67,1
LF:31
LH:31
BRDA:31,0,0,1
BRDA:31,0,1,1
BRDA:50,1,0,1
BRDA:50,1,1,2
BRDA:62,2,0,1
BRDA:62,2,1,1
BRF:6
BRH:6
end_of_record
TN:
SF:middlewares\authMiddleware.js
FN:3,(anonymous_0)
FN:4,(anonymous_1)
FNF:2
FNH:2
FNDA:5,(anonymous_0)
FNDA:5,(anonymous_1)
DA:1,1
DA:3,1
DA:4,5
DA:5,5
DA:7,4
DA:8,4
DA:9,4
DA:11,3
DA:12,2
DA:15,2
DA:16,1
DA:19,1
DA:21,1
LF:13
LH:13
BRDA:3,0,0,0
BRDA:5,1,0,1
BRDA:5,1,1,4
BRDA:9,2,0,1
BRDA:9,2,1,3
BRDA:15,3,0,1
BRDA:15,3,1,1
BRDA:15,4,0,2
BRDA:15,4,1,2
BRF:9
BRH:8
end_of_record
TN:
SF:middlewares\checkRoleMiddleware.js
FN:1,(anonymous_0)
FN:2,(anonymous_1)
FNF:2
FNH:2
FNDA:3,(anonymous_0)
FNDA:3,(anonymous_1)
DA:1,1
DA:2,3
DA:3,3
DA:4,2
DA:9,1
LF:5
LH:5
BRDA:3,0,0,2
BRDA:3,0,1,1
BRF:2
BRH:2
end_of_record
TN:
SF:middlewares\errorHandler.js
FN:1,(anonymous_0)
FNF:1
FNH:1
FNDA:2,(anonymous_0)
DA:1,1
DA:2,2
DA:3,2
DA:9,1
LF:4
LH:4
BRF:0
BRH:0
end_of_record
